<?xml version="1.0" encoding="UTF-8"?>
<!-- Generated by org.testng.reporters.JUnitReportReporter -->
<testsuite hostname="Amine" failures="0" tests="2" name="mvnProjerct.GitTest" time="30.799" errors="0" timestamp="2023-10-26T00:34:12 CDT" skipped="0">
  <testcase classname="mvnProjerct.GitTest" name="negLoginTest" time="13.395"/>
  <system-out/>
  <testcase classname="mvnProjerct.GitTest" name="loginTest" time="17.404"/>
  <system-out/>
</testsuite> <!-- mvnProjerct.GitTest -->
